<?xml version="1.0" encoding="UTF-8"?>
<!-- Generated by org.testng.reporters.JUnitReportReporter -->
<testsuite hostname="NIKHIL_HDK" failures="0" tests="4" name="testNGStudy.groupseg1" time="0.002" errors="0" timestamp="2022-07-04T14:40:07 IST" skipped="0">
  <testcase classname="testNGStudy.groupseg1" name="TC2" time="0.001"/>
  <system-out>
    <![CDATA[TC2 sanity Running]]>
  </system-out>
  <testcase classname="testNGStudy.groupseg1" name="TC3" time="0.000"/>
  <system-out>
    <![CDATA[TC3 regression Running]]>
  </system-out>
  <testcase classname="testNGStudy.groupseg1" name="TC4" time="0.001"/>
  <system-out>
    <![CDATA[TC4 sanity Running]]>
  </system-out>
  <testcase classname="testNGStudy.groupseg1" name="TC1" time="0.000"/>
  <system-out>
    <![CDATA[TC1 regression Running]]>
  </system-out>
</testsuite> <!-- testNGStudy.groupseg1 -->
