<?xml version="1.0" encoding="UTF-8"?>
<!-- Generated by org.testng.reporters.JUnitReportReporter -->
<testsuite hostname="NIKHIL_HDK" failures="0" tests="1" name="kiteTestingUsingPOM.TestLoginLogoutUsingPropertyFile" time="5.647" errors="0" timestamp="2022-07-07T15:52:47 IST" skipped="0">
  <testcase classname="kiteTestingUsingPOM.TestLoginLogoutUsingPropertyFile" name="ValidateUserID" time="5.647"/>
  <system-out>
    <![CDATA[Running 123
User ID matching TC Passed 
Test Passed Successfullylily]]>
  </system-out>
</testsuite> <!-- kiteTestingUsingPOM.TestLoginLogoutUsingPropertyFile -->
