<?xml version="1.0" encoding="UTF-8"?>
<!-- Generated by org.testng.reporters.JUnitReportReporter -->
<testsuite hostname="NIKHIL_HDK" failures="0" tests="2" name="testNGStudy.KeywordPriority" time="0.002" errors="0" timestamp="2022-07-04T14:44:02 IST" skipped="0">
  <testcase classname="testNGStudy.KeywordPriority" name="A" time="0.001"/>
  <system-out>
    <![CDATA[A is running]]>
  </system-out>
  <testcase classname="testNGStudy.KeywordPriority" name="C" time="0.001"/>
  <system-out>
    <![CDATA[C is running]]>
  </system-out>
</testsuite> <!-- testNGStudy.KeywordPriority -->
