<?xml version="1.0" encoding="UTF-8"?>
<!-- Generated by org.testng.reporters.JUnitReportReporter -->
<testsuite hostname="NIKHIL_HDK" failures="0" tests="5" name="testNGStudy.KeyWordInvocationCount" time="0.011" errors="0" timestamp="2022-07-04T13:27:07 IST" skipped="0">
  <testcase classname="testNGStudy.KeyWordInvocationCount" name="TC1" time="0.000"/>
  <system-out>
    <![CDATA[TC1 Running]]>
  </system-out>
  <testcase classname="testNGStudy.KeyWordInvocationCount" name="TC1" time="0.005"/>
  <system-out>
    <![CDATA[TC1 Running]]>
  </system-out>
  <testcase classname="testNGStudy.KeyWordInvocationCount" name="TC1" time="0.001"/>
  <system-out>
    <![CDATA[TC1 Running]]>
  </system-out>
  <testcase classname="testNGStudy.KeyWordInvocationCount" name="TC1" time="0.001"/>
  <system-out>
    <![CDATA[TC1 Running]]>
  </system-out>
  <testcase classname="testNGStudy.KeyWordInvocationCount" name="TC1" time="0.004"/>
  <system-out>
    <![CDATA[TC1 Running]]>
  </system-out>
</testsuite> <!-- testNGStudy.KeyWordInvocationCount -->
