<?xml version="1.0" encoding="UTF-8"?>
<!-- Generated by org.testng.reporters.JUnitReportReporter -->
<testsuite hostname="NIKHIL_HDK" failures="0" tests="7" name="testNGStudy.HardAssertStudy" time="0.025" errors="0" timestamp="2022-07-04T16:41:40 IST" skipped="0">
  <testcase classname="testNGStudy.HardAssertStudy" name="TC3" time="0.001"/>
  <system-out>
    <![CDATA[TC3 is running]]>
  </system-out>
  <testcase classname="testNGStudy.HardAssertStudy" name="TC1" time="0.017"/>
  <system-out>
    <![CDATA[TC1 is running]]>
  </system-out>
  <testcase classname="testNGStudy.HardAssertStudy" name="TC6" time="0.002"/>
  <system-out>
    <![CDATA[TC6 is running]]>
  </system-out>
  <testcase classname="testNGStudy.HardAssertStudy" name="TC4" time="0.001"/>
  <system-out>
    <![CDATA[TC4 is running]]>
  </system-out>
  <testcase classname="testNGStudy.HardAssertStudy" name="TC7" time="0.001"/>
  <system-out>
    <![CDATA[Assert fail check
TC7 is running]]>
  </system-out>
  <testcase classname="testNGStudy.HardAssertStudy" name="TC5" time="0.001"/>
  <system-out>
    <![CDATA[TC5 is running]]>
  </system-out>
  <testcase classname="testNGStudy.HardAssertStudy" name="TC2" time="0.002"/>
  <system-out>
    <![CDATA[TC2 is running]]>
  </system-out>
</testsuite> <!-- testNGStudy.HardAssertStudy -->
