<?xml version="1.0" encoding="UTF-8"?>
<!-- Generated by org.testng.reporters.JUnitReportReporter -->
<testsuite hostname="NIKHIL_HDK" failures="0" tests="1" name="kiteTestBaseUtility.TestLoginLogout" time="6.168" errors="0" timestamp="2022-07-07T16:19:50 IST" skipped="0">
  <testcase classname="kiteTestBaseUtility.TestLoginLogout" name="ValidateUserID" time="6.168"/>
  <system-out>
    <![CDATA[Running199
User ID matching TC Passed ]]>
  </system-out>
</testsuite> <!-- kiteTestBaseUtility.TestLoginLogout -->
