<?xml version="1.0" encoding="UTF-8"?>
<!-- Generated by org.testng.reporters.JUnitReportReporter -->
<testsuite hostname="NIKHIL_HDK" failures="0" tests="1" name="testNGStudy.Parallel3" time="11.687" errors="0" timestamp="2022-07-04T16:10:13 IST" skipped="0">
  <testcase classname="testNGStudy.Parallel3" name="TwitterLogin" time="11.687"/>
  <system-out>
    <![CDATA[Twitter Launched]]>
  </system-out>
</testsuite> <!-- testNGStudy.Parallel3 -->
