<?xml version="1.0" encoding="UTF-8"?>
<!-- Generated by org.testng.reporters.JUnitReportReporter -->
<testsuite hostname="NIKHIL_HDK" failures="0" tests="1" name="testNGStudy.Parallel2" time="11.314" errors="0" timestamp="2022-07-04T16:10:13 IST" skipped="0">
  <testcase classname="testNGStudy.Parallel2" name="FacebookLogin" time="11.314"/>
  <system-out>
    <![CDATA[Facebook Launched]]>
  </system-out>
</testsuite> <!-- testNGStudy.Parallel2 -->
