<?xml version="1.0" encoding="UTF-8"?>
<!-- Generated by org.testng.reporters.JUnitReportReporter -->
<testsuite hostname="NIKHIL_HDK" failures="0" tests="1" name="testNGStudy.Simple2" time="0.000" errors="0" timestamp="2022-07-04T14:44:02 IST" skipped="0">
  <testcase classname="testNGStudy.Simple2" name="Display1" time="0.000"/>
  <system-out>
    <![CDATA[Hi Good Morning]]>
  </system-out>
</testsuite> <!-- testNGStudy.Simple2 -->
