<?xml version="1.0" encoding="UTF-8"?>
<!-- Generated by org.testng.reporters.JUnitReportReporter -->
<testsuite hostname="NIKHIL_HDK" failures="0" tests="2" name="testNGStudy.FailTCExecution" time="0.011" errors="0" timestamp="2022-07-04T14:51:35 IST" skipped="0">
  <testcase classname="testNGStudy.FailTCExecution" name="TC6" time="0.010"/>
  <system-out>
    <![CDATA[TC6 Running]]>
  </system-out>
  <testcase classname="testNGStudy.FailTCExecution" name="TC8" time="0.001"/>
  <system-out>
    <![CDATA[TC8 Running]]>
  </system-out>
</testsuite> <!-- testNGStudy.FailTCExecution -->
