<?xml version="1.0" encoding="UTF-8"?>
<!-- Generated by org.testng.reporters.JUnitReportReporter -->
<testsuite hostname="NIKHIL_HDK" failures="0" tests="4" name="testNGStudy.groupseg2" time="0.008" errors="0" timestamp="2022-07-04T14:40:07 IST" skipped="0">
  <testcase classname="testNGStudy.groupseg2" name="TC8" time="0.000"/>
  <system-out>
    <![CDATA[TC8 regression Running]]>
  </system-out>
  <testcase classname="testNGStudy.groupseg2" name="TC6" time="0.007"/>
  <system-out>
    <![CDATA[TC6 regression Running]]>
  </system-out>
  <testcase classname="testNGStudy.groupseg2" name="TC7" time="0.001"/>
  <system-out>
    <![CDATA[TC7 sanity Running]]>
  </system-out>
  <testcase classname="testNGStudy.groupseg2" name="TC9" time="0.000"/>
  <system-out>
    <![CDATA[TC9 sanity Running]]>
  </system-out>
</testsuite> <!-- testNGStudy.groupseg2 -->
