<?xml version="1.0" encoding="UTF-8"?>
<!-- Generated by org.testng.reporters.JUnitReportReporter -->
<testsuite hostname="NIKHIL_HDK" failures="0" tests="1" name="testNGStudy.Example1TestNG" time="7.219" errors="0" timestamp="2022-07-04T14:44:02 IST" skipped="0">
  <testcase classname="testNGStudy.Example1TestNG" name="KiteLogin" time="7.219"/>
  <system-out/>
</testsuite> <!-- testNGStudy.Example1TestNG -->
