<?xml version="1.0" encoding="UTF-8"?>
<!-- Generated by org.testng.reporters.JUnitReportReporter -->
<testsuite hostname="NIKHIL_HDK" failures="0" tests="2" name="testNGStudy.Parallel1" time="11.561" errors="0" timestamp="2022-07-04T17:58:17 IST" skipped="0">
  <testcase classname="testNGStudy.Parallel1" name="BrowserTest" time="6.127"/>
  <system-out/>
  <testcase classname="testNGStudy.Parallel1" name="KiteLogin" time="5.434"/>
  <system-out>
    <![CDATA[Kite Launched]]>
  </system-out>
</testsuite> <!-- testNGStudy.Parallel1 -->
