<?xml version="1.0" encoding="UTF-8"?>
<!-- Generated by org.testng.reporters.JUnitReportReporter -->
<testsuite hostname="NIKHIL_HDK" failures="0" tests="1" name="testNGStudy.SoftAssertStudy" time="0.016" errors="0" timestamp="2022-07-04T16:41:49 IST" skipped="0">
  <testcase classname="testNGStudy.SoftAssertStudy" name="TC1" time="0.016"/>
  <system-out>
    <![CDATA[TC1 softAssert is running
Running TC1]]>
  </system-out>
</testsuite> <!-- testNGStudy.SoftAssertStudy -->
