<?xml version="1.0" encoding="UTF-8"?>
<!-- Generated by org.testng.reporters.JUnitReportReporter -->
<testsuite hostname="NIKHIL_HDK" failures="0" tests="1" name="kiteTestingUsingPOM.KiteTestUsingPOM" time="2.600" errors="0" timestamp="2022-07-06T09:14:33 IST" skipped="0">
  <testcase classname="kiteTestingUsingPOM.KiteTestUsingPOM" name="ValidateUserID" time="2.600"/>
  <system-out>
    <![CDATA[ValidateUserID running
UseriD matching TC Passed]]>
  </system-out>
</testsuite> <!-- kiteTestingUsingPOM.KiteTestUsingPOM -->
