<?xml version="1.0" encoding="UTF-8"?>
<!-- Generated by org.testng.reporters.JUnitReportReporter -->
<testsuite hostname="NIKHIL_HDK" failures="0" tests="1" name="testNGStudy.AnnotationStudy" time="0.004" errors="0" timestamp="2022-07-04T14:44:02 IST" skipped="0">
  <testcase classname="testNGStudy.AnnotationStudy" name="ValidatePin" time="0.004"/>
  <system-out>
    <![CDATA[Pin Validation Done-->@Test used]]>
  </system-out>
</testsuite> <!-- testNGStudy.AnnotationStudy -->
