<?xml version="1.0" encoding="UTF-8"?>
<!-- Generated by org.testng.reporters.JUnitReportReporter -->
<testsuite hostname="NIKHIL_HDK" failures="0" tests="1" name="testNGStudy.CrossBrowserTesting" time="10.791" errors="0" timestamp="2022-07-04T18:09:36 IST" skipped="0">
  <testcase classname="testNGStudy.CrossBrowserTesting" name="BrowserTest" time="10.791"/>
  <system-out/>
</testsuite> <!-- testNGStudy.CrossBrowserTesting -->
